I (3849) cam_hal: buffer_size: 32768, half_buffer_size: 4096, node_buffer_size: 2048, node_cnt: 16, total_cnt: 15
I (3849) cam_hal: Allocating 61440 Byte frame buffer in PSRAM
I (3849) cam_hal: cam config ok
I (3849) ov2640: Set PLL: clk_2x: 0, clk_div: 0, pclk_auto: 0, pclk_div: 8
PSRAM MALLOC 0x3f80f8b4, 55880
PSRAM MALLOC 0x3f800898, 12
PSRAM MALLOC 0x3f81d300, 512
PSRAM FREE 0x3f81d300
PSRAM MALLOC 0x3f81d300, 512
PSRAM FREE 0x3f81d300
PSRAM MALLOC 0x3f81d300, 512
PSRAM FREE 0x3f81d300
PSRAM MALLOC 0x3f81d300, 512
PSRAM FREE 0x3f81d300
PSRAM MALLOC 0x3f81d300, 512
PSRAM FREE 0x3f81d300
PSRAM MALLOC 0x3f81d300, 512
PSRAM FREE 0x3f81d300
PSRAM MALLOC 0x3f95b714, 921600
PSRAM MALLOC 0x3f95b714, 512
PSRAM FREE 0x3f95b714
PSRAM MALLOC 0x3f95b714, 819200
PSRAM MALLOC 0x3fa23718, 512
PSRAM FREE 0x3fa23718
PSRAM MALLOC 0x3fa23718, 1200956
PSRAM MALLOC 0x3fb48a58, 512
PSRAM FREE 0x3fb48a58
PSRAM FREE 0x3fa23718
PSRAM FREE 0x3f95b714
PSRAM MALLOC 0x3f95b714, 819200
PSRAM MALLOC 0x3fa23718, 512
PSRAM FREE 0x3fa23718
PSRAM MALLOC 0x3fa23718, 53328
PSRAM MALLOC 0x3fa3076c, 512
